<?xml version="1.0" encoding="UTF-8" standalone="yes"?>
<clusterDefinition xmlns:xsi="http://www.w3.org/2001/XMLSchema-instance" xmlns:xs="http://www.w3.org/2001/XMLSchema" >

	<!-- Configures the Utility Computing Service implementation. -->
	<serviceInterface xsi:type="awsServiceInterface">
		<timeout>300000</timeout>
		<connectionFactory>
			<propertiesFile>aws.properties</propertiesFile>
		</connectionFactory>
	</serviceInterface>

	<!-- Configures the DAO that is used to persist process state/meta-data. -->
	<processDaoFactory/>

	<!-- Configures the file where process state/meta-data will be stored. -->
	<processStateFile>/home/rtws/processes.xml</processStateFile>
	
	<!-- Configures the amount of time (in milliseconds) to wait between attempts to reallocate processes. -->
	<processReallocationInterval>90000</processReallocationInterval>
	
	<!-- Configures the client used to perform dynamic DNS updates. -->
	<dnsClient xsi:type="unixDnsClient">
		<keyFile>/home/rtws/.ssh/Krtws.deleidos.com.private</keyFile>
	</dnsClient>
	
	<!-- Configures the client used to perform dynamic Route53 DNS updates. -->
	<internetDnsClient xsi:type="route53DnsClient">
		<propFile>@master.path.home@/conf/aws.properties</propFile>
		<queryUrl>https://route53.amazonaws.com/2011-05-05/change/</queryUrl>
		<changeUrl>https://route53.amazonaws.com/2011-05-05/hostedzone/Z3K6TGL6UKGUC0/rrset</changeUrl>
	</internetDnsClient>

	<domainName>master.@build.domain@</domainName>
	
	<!-- Defines the externally facing JMS server processes. -->
	<processGroups>
		<name>jms.external</name>
		<managementInterfaces>org.apache.activemq</managementInterfaces>
		<allocationPolicy>
			<fqdn>jms-ext-node?.@build.domain@</fqdn>
			<min>3</min>
			<max>3</max>
		</allocationPolicy>
		<definition>
			<image>@platform.image.id.x86_64.instance.default@</image>
			<type>m3.medium</type>
			<zone>us-east-1c</zone>
			<key>DevKey</key>
			<security>rtws-activemq</security>
			<allocatePersistentAddress>false</allocatePersistentAddress>
			<volumeCount>1</volumeCount>
			<volumeSize>100</volumeSize>
			<properties>
				<entry>
					<key xsi:type="xs:string">RTWS_RAID_PATH</key>
					<value xsi:type="xs:string">@rtws.path.data@</value>
				</entry>
				<entry>
					<key xsi:type="xs:string">RTWS_MANIFEST</key>
					<value xsi:type="xs:string">/mnt/appfs/manifest/@build.domain@/activemq.ini</value>
				</entry>
			</properties>
		</definition>
	</processGroups>
	
	<!-- Defines the internally facing JMS server processes. --> 
	<processGroups>
		<name>jms.internal</name>
		<managementInterfaces>org.apache.activemq</managementInterfaces>
		<allocationPolicy>
			<fqdn>jms-int-node?.@build.domain@</fqdn>
			<min>3</min>
			<max>3</max>
		</allocationPolicy>
		<definition>
			<image>@platform.image.id.x86_64.instance.default@</image>
			<type>m3.large</type>
			<zone>us-east-1c</zone>
			<key>DevKey</key>
			<security>rtws-activemq</security>
			<allocatePersistentAddress>false</allocatePersistentAddress>
			<volumeCount>1</volumeCount>
			<volumeSize>100</volumeSize>
			<properties>
				<entry>
					<key xsi:type="xs:string">RTWS_RAID_PATH</key>
					<value xsi:type="xs:string">@rtws.path.data@</value>
				</entry>
				<entry>
					<key xsi:type="xs:string">RTWS_MANIFEST</key>
					<value xsi:type="xs:string">/mnt/appfs/manifest/@build.domain@/activemq.ini</value>
				</entry>
			</properties>
		</definition>
	</processGroups>
	
	<!-- Defines the main web node. --> 
	<processGroups>
		<name>webapps.main</name>
		<allocationPolicy>
			<fqdn>@build.domain@</fqdn>
			<min>1</min>
			<max>1</max>
		</allocationPolicy>
		<definition>
			<image>@platform.image.id.x86_64.instance.default@</image>
			<type>m3.medium</type>
			<zone>us-east-1c</zone>
			<key>DevKey</key>
			<security>rtws-lucene-external</security>
            <internetAddress>@build.domain@</internetAddress>
            <allocatePersistentAddress>false</allocatePersistentAddress>
			<allocateInternetAddress>true</allocateInternetAddress> 
			<volumeCount>4</volumeCount>
			<volumeSize>50</volumeSize>
			<properties>
				<entry>
					<key xsi:type="xs:string">RTWS_RAID_PATH</key>
					<value xsi:type="xs:string">@rtws.path.data@</value>
				</entry>
				<entry>
					<key xsi:type="xs:string">RTWS_MANIFEST</key>
					<value xsi:type="xs:string">/mnt/appfs/manifest/@build.domain@/webapps-default.ini</value>
				</entry>
			</properties>
		</definition>
	</processGroups>
</clusterDefinition>